<?xml version="1.0" encoding="UTF-8"?>
<testng-results ignored="0" total="1" passed="1" failed="0" skipped="0">
  <reporter-output>
  </reporter-output>
  <suite started-at="2018-10-05T08:02:21Z" name="Command line suite" finished-at="2018-10-05T08:02:21Z" duration-ms="8">
    <groups>
    </groups>
    <test started-at="2018-10-05T08:02:21Z" name="Command line test" finished-at="2018-10-05T08:02:21Z" duration-ms="8">
      <class name="seleniummaveprojectPackage.AppTest">
        <test-method signature="testApp()[pri:0, instance:testApp(seleniummaveprojectPackage.AppTest)]" started-at="2018-10-05T08:02:21Z" name="testApp" finished-at="2018-10-05T08:02:21Z" duration-ms="0" status="PASS">
          <reporter-output>
          </reporter-output>
        </test-method> <!-- testApp -->
      </class> <!-- seleniummaveprojectPackage.AppTest -->
    </test> <!-- Command line test -->
  </suite> <!-- Command line suite -->
</testng-results>
