<?xml version="1.0" encoding="UTF-8"?>
<testng-results total="1" passed="1" failed="0" skipped="0">
  <reporter-output>
  </reporter-output>
  <suite started-at="2018-10-05T07:25:48Z" name="Command line suite" finished-at="2018-10-05T07:25:48Z" duration-ms="14">
    <groups>
    </groups>
    <test started-at="2018-10-05T07:25:48Z" name="Command line test" finished-at="2018-10-05T07:25:48Z" duration-ms="14">
      <class name="seleniumcucumbermaven.AppTest">
        <test-method signature="testApp()[pri:0, instance:testApp(seleniumcucumbermaven.AppTest)]" started-at="2018-10-05T12:55:48Z" name="testApp" finished-at="2018-10-05T12:55:48Z" duration-ms="6" status="PASS">
          <reporter-output>
          </reporter-output>
        </test-method> <!-- testApp -->
      </class> <!-- seleniumcucumbermaven.AppTest -->
    </test> <!-- Command line test -->
  </suite> <!-- Command line suite -->
</testng-results>
