<?xml version="1.0" encoding="UTF-8"?>
<testng-results ignored="0" total="1" passed="1" failed="0" skipped="0">
  <reporter-output>
  </reporter-output>
  <suite started-at="2018-10-05T08:01:50Z" name="Command line suite" finished-at="2018-10-05T08:02:20Z" duration-ms="29923">
    <groups>
    </groups>
    <test started-at="2018-10-05T08:01:50Z" name="Command line test" finished-at="2018-10-05T08:02:20Z" duration-ms="29923">
      <class name="seleniummaveprojectPackage.TestSuite">
        <test-method is-config="true" signature="beforeClass()[pri:0, instance:seleniummaveprojectPackage.TestSuite@149e0f5d]" started-at="2018-10-05T08:01:50Z" name="beforeClass" finished-at="2018-10-05T08:02:09Z" duration-ms="18709" status="PASS">
          <reporter-output>
          </reporter-output>
        </test-method> <!-- beforeClass -->
        <test-method signature="verifySearchButton()[pri:0, instance:seleniummaveprojectPackage.TestSuite@149e0f5d]" started-at="2018-10-05T08:02:09Z" name="verifySearchButton" finished-at="2018-10-05T08:02:19Z" duration-ms="10433" status="PASS">
          <reporter-output>
          </reporter-output>
        </test-method> <!-- verifySearchButton -->
        <test-method is-config="true" signature="afterClass()[pri:0, instance:seleniummaveprojectPackage.TestSuite@149e0f5d]" started-at="2018-10-05T08:02:19Z" name="afterClass" finished-at="2018-10-05T08:02:20Z" duration-ms="699" status="PASS">
          <reporter-output>
          </reporter-output>
        </test-method> <!-- afterClass -->
      </class> <!-- seleniummaveprojectPackage.TestSuite -->
    </test> <!-- Command line test -->
  </suite> <!-- Command line suite -->
</testng-results>
